<?xml version="1.0" encoding="UTF-8"?>
<!-- Generated by org.testng.reporters.JUnitReportReporter -->
<testsuite hostname="VidyuthHP" failures="0" tests="7" name="testrunner.TestRunner" time="10.971" errors="0" timestamp="2023-07-25T14:58:39 EDT" skipped="0">
  <testcase classname="testrunner.TestRunner" name="runScenario" time="1.453"/>
  <system-out/>
  <testcase classname="testrunner.TestRunner" name="runScenario" time="1.376"/>
  <system-out/>
  <testcase classname="testrunner.TestRunner" name="runScenario" time="1.384"/>
  <system-out/>
  <testcase classname="testrunner.TestRunner" name="runScenario" time="1.319"/>
  <system-out/>
  <testcase classname="testrunner.TestRunner" name="runScenario" time="1.414"/>
  <system-out/>
  <testcase classname="testrunner.TestRunner" name="runScenario" time="1.351"/>
  <system-out/>
  <testcase classname="testrunner.TestRunner" name="runScenario" time="2.674"/>
  <system-out/>
</testsuite> <!-- testrunner.TestRunner -->
